2020-04-09 10:02:45.605 INFO [main] [com.opencart.StepDefinations.Addtocart_Sd] [a_user_launch_the_browser] [com.opencart.StepDefinations.Login_Sd.a_user_launch_the_browser(Login_Sd.java:28)] - Opencart site launches
2020-04-09 10:02:47.561 DEBUG [main] [com.opencart.StepDefinations.Addtocart_Sd] [the_user_opens_opencart_login_page] [com.opencart.StepDefinations.Login_Sd.the_user_opens_opencart_login_page(Login_Sd.java:35)] - Login page opened 
2020-04-09 10:03:05.158 ERROR [main] [com.opencart.StepDefinations.Addtocart_Sd] [the_user_login_using_username_and_password] [com.opencart.StepDefinations.Login_Sd.the_user_login_using_username_and_password(Login_Sd.java:48)] - Details are given
2020-04-09 10:03:11.789 INFO [main] [com.opencart.StepDefinations.Addtocart_Sd] [the_user_launch_the_browser] [com.opencart.StepDefinations.Search_Sd.the_user_launch_the_browser(Search_Sd.java:26)] - Opencart site launches
2020-04-09 10:03:12.110 DEBUG [main] [com.opencart.StepDefinations.Addtocart_Sd] [the_user_opens_the_open_cart_search_page] [com.opencart.StepDefinations.Search_Sd.the_user_opens_the_open_cart_search_page(Search_Sd.java:34)] - Product searched 
2020-04-09 10:03:17.786 ERROR [main] [com.opencart.StepDefinations.Addtocart_Sd] [the_user_search_the_product] [com.opencart.StepDefinations.Search_Sd.the_user_search_the_product(Search_Sd.java:42)] - Searching for selected product
2020-04-09 10:03:26.774 INFO [main] [com.opencart.StepDefinations.Addtocart_Sd] [the_user_launches_the_browser_in_chrome] [com.opencart.StepDefinations.Addtocart_Sd.the_user_launches_the_browser_in_chrome(Addtocart_Sd.java:27)] - Opencart site launches
2020-04-09 10:03:27.096 DEBUG [main] [com.opencart.StepDefinations.Addtocart_Sd] [the_user_opens_the_cart_and_search_product_called_something] [com.opencart.StepDefinations.Addtocart_Sd.the_user_opens_the_cart_and_search_product_called_something(Addtocart_Sd.java:35)] - Product searched 
2020-04-09 10:03:28.925 ERROR [main] [com.opencart.StepDefinations.Addtocart_Sd] [the_user_searches_the_product_and_choose] [com.opencart.StepDefinations.Addtocart_Sd.the_user_searches_the_product_and_choose(Addtocart_Sd.java:42)] - Product adding to cart
2020-04-09 10:03:34.451 INFO [main] [com.opencart.StepDefinations.Addtocart_Sd] [the_user_closees_the_browser_and_quit] [com.opencart.StepDefinations.Addtocart_Sd.the_user_closees_the_browser_and_quit(Addtocart_Sd.java:61)] - Browser closed
2020-04-09 10:03:41.671 INFO [main] [com.opencart.StepDefinations.Addtocart_Sd] [the_user_launched_the_browser_in_chrome] [com.opencart.StepDefinations.Compare_sd.the_user_launched_the_browser_in_chrome(Compare_sd.java:26)] - Opencart site launches
2020-04-09 10:03:41.985 DEBUG [main] [com.opencart.StepDefinations.Addtocart_Sd] [the_user_compared_the_two_products] [com.opencart.StepDefinations.Compare_sd.the_user_compared_the_two_products(Compare_sd.java:35)] - Product compared
2020-04-09 10:03:49.719 INFO [main] [com.opencart.StepDefinations.Addtocart_Sd] [the_user_launching_the_chrome_browser] [com.opencart.StepDefinations.Brands_Sd.the_user_launching_the_chrome_browser(Brands_Sd.java:26)] - Opencart site launches
2020-04-09 10:03:51.619 DEBUG [main] [com.opencart.StepDefinations.Addtocart_Sd] [the_user_clicks_on_brands] [com.opencart.StepDefinations.Brands_Sd.the_user_clicks_on_brands(Brands_Sd.java:33)] - selected brands 
2020-04-09 10:03:54.620 ERROR [main] [com.opencart.StepDefinations.Addtocart_Sd] [the_user_selects_the_brand] [com.opencart.StepDefinations.Brands_Sd.the_user_selects_the_brand(Brands_Sd.java:41)] - product selected
2020-04-09 10:04:08.917 INFO [main] [com.opencart.StepDefinations.Addtocart_Sd] [the_user_to_open_browser_chrome] [com.opencart.StepDefinations.Specials_Sd.the_user_to_open_browser_chrome(Specials_Sd.java:27)] - Opencart site launches
2020-04-09 10:04:11.611 DEBUG [main] [com.opencart.StepDefinations.Addtocart_Sd] [the_user_clicks_on_the_specials] [com.opencart.StepDefinations.Specials_Sd.the_user_clicks_on_the_specials(Specials_Sd.java:34)] - Product searched 
2020-04-09 10:04:19.214 ERROR [main] [com.opencart.StepDefinations.Addtocart_Sd] [the_user_will_see_the_specials_and_add_to_the_cart] [com.opencart.StepDefinations.Specials_Sd.the_user_will_see_the_specials_and_add_to_the_cart(Specials_Sd.java:42)] - Product added to cart
2020-04-09 10:10:05.862 INFO [main] [com.opencart.StepDefinations.Addtocart_Sd] [the_user_launched_the_browser_in_chrome] [com.opencart.StepDefinations.Compare_sd.the_user_launched_the_browser_in_chrome(Compare_sd.java:26)] - Opencart site launches
2020-04-09 10:10:09.187 DEBUG [main] [com.opencart.StepDefinations.Addtocart_Sd] [the_user_compared_the_two_products] [com.opencart.StepDefinations.Compare_sd.the_user_compared_the_two_products(Compare_sd.java:35)] - Product compared
2020-04-09 10:10:14.849 ERROR [main] [com.opencart.StepDefinations.Addtocart_Sd] [the_user_will_see_product_comparison] [com.opencart.StepDefinations.Compare_sd.the_user_will_see_product_comparison(Compare_sd.java:41)] - Product comprison completed
2020-04-09 10:11:41.437 INFO [main] [com.opencart.StepDefinations.Addtocart_Sd] [a_user_launch_the_browser] [com.opencart.StepDefinations.Login_Sd.a_user_launch_the_browser(Login_Sd.java:28)] - Opencart site launches
2020-04-09 10:11:43.388 DEBUG [main] [com.opencart.StepDefinations.Addtocart_Sd] [the_user_opens_opencart_login_page] [com.opencart.StepDefinations.Login_Sd.the_user_opens_opencart_login_page(Login_Sd.java:35)] - Login page opened 
2020-04-09 10:11:59.739 ERROR [main] [com.opencart.StepDefinations.Addtocart_Sd] [the_user_login_using_username_and_password] [com.opencart.StepDefinations.Login_Sd.the_user_login_using_username_and_password(Login_Sd.java:48)] - Details are given
2020-04-09 10:12:06.463 INFO [main] [com.opencart.StepDefinations.Addtocart_Sd] [the_user_launch_the_browser] [com.opencart.StepDefinations.Search_Sd.the_user_launch_the_browser(Search_Sd.java:26)] - Opencart site launches
2020-04-09 10:12:06.790 DEBUG [main] [com.opencart.StepDefinations.Addtocart_Sd] [the_user_opens_the_open_cart_search_page] [com.opencart.StepDefinations.Search_Sd.the_user_opens_the_open_cart_search_page(Search_Sd.java:34)] - Product searched 
2020-04-09 10:12:11.630 ERROR [main] [com.opencart.StepDefinations.Addtocart_Sd] [the_user_search_the_product] [com.opencart.StepDefinations.Search_Sd.the_user_search_the_product(Search_Sd.java:42)] - Searching for selected product
2020-04-09 10:12:18.517 INFO [main] [com.opencart.StepDefinations.Addtocart_Sd] [the_user_launches_the_browser_in_chrome] [com.opencart.StepDefinations.Addtocart_Sd.the_user_launches_the_browser_in_chrome(Addtocart_Sd.java:27)] - Opencart site launches
2020-04-09 10:12:18.787 DEBUG [main] [com.opencart.StepDefinations.Addtocart_Sd] [the_user_opens_the_cart_and_search_product_called_something] [com.opencart.StepDefinations.Addtocart_Sd.the_user_opens_the_cart_and_search_product_called_something(Addtocart_Sd.java:35)] - Product searched 
2020-04-09 10:12:20.572 ERROR [main] [com.opencart.StepDefinations.Addtocart_Sd] [the_user_searches_the_product_and_choose] [com.opencart.StepDefinations.Addtocart_Sd.the_user_searches_the_product_and_choose(Addtocart_Sd.java:42)] - Product adding to cart
2020-04-09 10:12:24.277 INFO [main] [com.opencart.StepDefinations.Addtocart_Sd] [the_user_closees_the_browser_and_quit] [com.opencart.StepDefinations.Addtocart_Sd.the_user_closees_the_browser_and_quit(Addtocart_Sd.java:61)] - Browser closed
2020-04-09 10:12:31.692 INFO [main] [com.opencart.StepDefinations.Addtocart_Sd] [the_user_launched_the_browser_in_chrome] [com.opencart.StepDefinations.Compare_sd.the_user_launched_the_browser_in_chrome(Compare_sd.java:26)] - Opencart site launches
2020-04-09 10:12:35.002 DEBUG [main] [com.opencart.StepDefinations.Addtocart_Sd] [the_user_compared_the_two_products] [com.opencart.StepDefinations.Compare_sd.the_user_compared_the_two_products(Compare_sd.java:35)] - Product compared
2020-04-09 10:12:39.647 ERROR [main] [com.opencart.StepDefinations.Addtocart_Sd] [the_user_will_see_product_comparison] [com.opencart.StepDefinations.Compare_sd.the_user_will_see_product_comparison(Compare_sd.java:41)] - Product comprison completed
2020-04-09 10:12:46.995 INFO [main] [com.opencart.StepDefinations.Addtocart_Sd] [the_user_launching_the_chrome_browser] [com.opencart.StepDefinations.Brands_Sd.the_user_launching_the_chrome_browser(Brands_Sd.java:26)] - Opencart site launches
2020-04-09 10:12:49.672 DEBUG [main] [com.opencart.StepDefinations.Addtocart_Sd] [the_user_clicks_on_brands] [com.opencart.StepDefinations.Brands_Sd.the_user_clicks_on_brands(Brands_Sd.java:33)] - selected brands 
2020-04-09 10:12:51.845 ERROR [main] [com.opencart.StepDefinations.Addtocart_Sd] [the_user_selects_the_brand] [com.opencart.StepDefinations.Brands_Sd.the_user_selects_the_brand(Brands_Sd.java:41)] - product selected
2020-04-09 10:13:05.088 INFO [main] [com.opencart.StepDefinations.Addtocart_Sd] [the_user_to_open_browser_chrome] [com.opencart.StepDefinations.Specials_Sd.the_user_to_open_browser_chrome(Specials_Sd.java:27)] - Opencart site launches
2020-04-09 10:13:07.108 DEBUG [main] [com.opencart.StepDefinations.Addtocart_Sd] [the_user_clicks_on_the_specials] [com.opencart.StepDefinations.Specials_Sd.the_user_clicks_on_the_specials(Specials_Sd.java:34)] - Product searched 
2020-04-09 10:13:14.205 ERROR [main] [com.opencart.StepDefinations.Addtocart_Sd] [the_user_will_see_the_specials_and_add_to_the_cart] [com.opencart.StepDefinations.Specials_Sd.the_user_will_see_the_specials_and_add_to_the_cart(Specials_Sd.java:42)] - Product added to cart
