2020-04-06 15:05:42.993 INFO [main] [com.opencart.StepDefinations.Addtocart_Sd] [the_user_launches_the_browser_in_chrome] [com.opencart.StepDefinations.Addtocart_Sd.the_user_launches_the_browser_in_chrome(Addtocart_Sd.java:29)] - Opencart site launches
2020-04-06 15:05:51.081 DEBUG [main] [com.opencart.StepDefinations.Addtocart_Sd] [the_user_opens_the_cart_and_search_page_called] [com.opencart.StepDefinations.Addtocart_Sd.the_user_opens_the_cart_and_search_page_called(Addtocart_Sd.java:37)] - Product searched 
2020-04-06 15:05:56.126 ERROR [main] [com.opencart.StepDefinations.Addtocart_Sd] [the_user_searches_the_product_and_choose] [com.opencart.StepDefinations.Addtocart_Sd.the_user_searches_the_product_and_choose(Addtocart_Sd.java:44)] - Product adding to cart
2020-04-06 15:05:59.706 INFO [main] [com.opencart.StepDefinations.Addtocart_Sd] [the_user_closees_the_browser_and_quit] [com.opencart.StepDefinations.Addtocart_Sd.the_user_closees_the_browser_and_quit(Addtocart_Sd.java:65)] - Browser closed
2020-04-06 16:52:22.457 INFO [main] [com.opencart.StepDefinations.Addtocart_Sd] [the_user_launches_the_browser_in_chrome] [com.opencart.StepDefinations.Addtocart_Sd.the_user_launches_the_browser_in_chrome(Addtocart_Sd.java:29)] - Opencart site launches
2020-04-06 16:52:30.986 DEBUG [main] [com.opencart.StepDefinations.Addtocart_Sd] [the_user_opens_the_cart_and_search_page_called] [com.opencart.StepDefinations.Addtocart_Sd.the_user_opens_the_cart_and_search_page_called(Addtocart_Sd.java:37)] - Product searched 
2020-04-06 16:52:37.745 ERROR [main] [com.opencart.StepDefinations.Addtocart_Sd] [the_user_searches_the_product_and_choose] [com.opencart.StepDefinations.Addtocart_Sd.the_user_searches_the_product_and_choose(Addtocart_Sd.java:44)] - Product adding to cart
2020-04-06 16:52:43.296 INFO [main] [com.opencart.StepDefinations.Addtocart_Sd] [the_user_closees_the_browser_and_quit] [com.opencart.StepDefinations.Addtocart_Sd.the_user_closees_the_browser_and_quit(Addtocart_Sd.java:65)] - Browser closed
2020-04-06 19:05:00.358 INFO [main] [com.opencart.StepDefinations.Addtocart_Sd] [the_user_to_open_browser_chrome] [com.opencart.StepDefinations.Specials_Sd.the_user_to_open_browser_chrome(Specials_Sd.java:20)] - Opencart site launches
2020-04-06 19:05:15.946 DEBUG [main] [com.opencart.StepDefinations.Addtocart_Sd] [the_user_clicks_on_the_specials] [com.opencart.StepDefinations.Specials_Sd.the_user_clicks_on_the_specials(Specials_Sd.java:27)] - Product searched 
2020-04-06 19:05:19.060 ERROR [main] [com.opencart.StepDefinations.Addtocart_Sd] [the_user_will_see_the_specials_and_add_to_the_cart] [com.opencart.StepDefinations.Specials_Sd.the_user_will_see_the_specials_and_add_to_the_cart(Specials_Sd.java:34)] - Product adding to cart
2020-04-06 19:35:06.794 INFO [main] [com.opencart.StepDefinations.Addtocart_Sd] [a_user_launch_the_browser] [com.opencart.StepDefinations.Login_Sd.a_user_launch_the_browser(Login_Sd.java:27)] - Opencart site launches
2020-04-06 19:35:17.911 DEBUG [main] [com.opencart.StepDefinations.Addtocart_Sd] [the_user_opens_opencart_login_page] [com.opencart.StepDefinations.Login_Sd.the_user_opens_opencart_login_page(Login_Sd.java:34)] - Login page opened 
2020-04-06 19:35:21.854 ERROR [main] [com.opencart.StepDefinations.Addtocart_Sd] [the_user_login_using_and] [com.opencart.StepDefinations.Login_Sd.the_user_login_using_and(Login_Sd.java:43)] - Details are given
2020-04-06 19:35:26.967 INFO [main] [com.opencart.StepDefinations.Addtocart_Sd] [the_user_launch_the_browser] [com.opencart.StepDefinations.Search_Sd.the_user_launch_the_browser(Search_Sd.java:27)] - Opencart site launches
2020-04-06 19:35:37.654 DEBUG [main] [com.opencart.StepDefinations.Addtocart_Sd] [the_user_opens_the_open_cart_search_page] [com.opencart.StepDefinations.Search_Sd.the_user_opens_the_open_cart_search_page(Search_Sd.java:35)] - Product searched 
2020-04-06 19:35:42.486 ERROR [main] [com.opencart.StepDefinations.Addtocart_Sd] [the_user_search_the_product] [com.opencart.StepDefinations.Search_Sd.the_user_search_the_product(Search_Sd.java:43)] - Searching for selected product
2020-04-06 19:35:47.442 INFO [main] [com.opencart.StepDefinations.Addtocart_Sd] [the_user_launches_the_browser_in_chrome] [com.opencart.StepDefinations.Addtocart_Sd.the_user_launches_the_browser_in_chrome(Addtocart_Sd.java:29)] - Opencart site launches
2020-04-06 19:35:54.112 DEBUG [main] [com.opencart.StepDefinations.Addtocart_Sd] [the_user_opens_the_cart_and_search_page_called] [com.opencart.StepDefinations.Addtocart_Sd.the_user_opens_the_cart_and_search_page_called(Addtocart_Sd.java:37)] - Product searched 
2020-04-06 19:35:59.272 ERROR [main] [com.opencart.StepDefinations.Addtocart_Sd] [the_user_searches_the_product_and_choose] [com.opencart.StepDefinations.Addtocart_Sd.the_user_searches_the_product_and_choose(Addtocart_Sd.java:44)] - Product adding to cart
2020-04-06 19:36:05.137 INFO [main] [com.opencart.StepDefinations.Addtocart_Sd] [the_user_closees_the_browser_and_quit] [com.opencart.StepDefinations.Addtocart_Sd.the_user_closees_the_browser_and_quit(Addtocart_Sd.java:65)] - Browser closed
2020-04-06 19:36:09.683 INFO [main] [com.opencart.StepDefinations.Addtocart_Sd] [the_user_launched_the_browser_in_chrome] [com.opencart.StepDefinations.Compare_sd.the_user_launched_the_browser_in_chrome(Compare_sd.java:28)] - Opencart site launches
2020-04-06 19:36:23.022 DEBUG [main] [com.opencart.StepDefinations.Addtocart_Sd] [the_user_compared_the_two_products] [com.opencart.StepDefinations.Compare_sd.the_user_compared_the_two_products(Compare_sd.java:36)] - Product compared
2020-04-06 19:36:30.374 ERROR [main] [com.opencart.StepDefinations.Addtocart_Sd] [the_user_will_see_product_comparison] [com.opencart.StepDefinations.Compare_sd.the_user_will_see_product_comparison(Compare_sd.java:42)] - Product comprison completed
2020-04-06 19:36:37.293 INFO [main] [com.opencart.StepDefinations.Addtocart_Sd] [the_user_launching_the_chrome_browser] [com.opencart.StepDefinations.Brands_Sd.the_user_launching_the_chrome_browser(Brands_Sd.java:26)] - Opencart site launches
2020-04-06 19:36:49.174 DEBUG [main] [com.opencart.StepDefinations.Addtocart_Sd] [the_user_clicks_on_brands] [com.opencart.StepDefinations.Brands_Sd.the_user_clicks_on_brands(Brands_Sd.java:33)] - selected brands 
2020-04-06 19:36:55.286 ERROR [main] [com.opencart.StepDefinations.Addtocart_Sd] [the_user_selects_the_brand] [com.opencart.StepDefinations.Brands_Sd.the_user_selects_the_brand(Brands_Sd.java:41)] - product selected
2020-04-06 19:37:03.584 INFO [main] [com.opencart.StepDefinations.Addtocart_Sd] [the_user_to_open_browser_chrome] [com.opencart.StepDefinations.Specials_Sd.the_user_to_open_browser_chrome(Specials_Sd.java:20)] - Opencart site launches
2020-04-06 19:37:15.037 DEBUG [main] [com.opencart.StepDefinations.Addtocart_Sd] [the_user_clicks_on_the_specials] [com.opencart.StepDefinations.Specials_Sd.the_user_clicks_on_the_specials(Specials_Sd.java:27)] - Product searched 
2020-04-06 19:37:18.180 ERROR [main] [com.opencart.StepDefinations.Addtocart_Sd] [the_user_will_see_the_specials_and_add_to_the_cart] [com.opencart.StepDefinations.Specials_Sd.the_user_will_see_the_specials_and_add_to_the_cart(Specials_Sd.java:34)] - Product added to cart
2020-04-06 21:24:05.569 INFO [main] [com.opencart.StepDefinations.Addtocart_Sd] [a_user_launch_the_browser] [com.opencart.StepDefinations.Login_Sd.a_user_launch_the_browser(Login_Sd.java:27)] - Opencart site launches
2020-04-06 21:24:07.396 DEBUG [main] [com.opencart.StepDefinations.Addtocart_Sd] [the_user_opens_opencart_login_page] [com.opencart.StepDefinations.Login_Sd.the_user_opens_opencart_login_page(Login_Sd.java:34)] - Login page opened 
2020-04-06 21:24:15.403 INFO [main] [com.opencart.StepDefinations.Addtocart_Sd] [the_user_launch_the_browser] [com.opencart.StepDefinations.Search_Sd.the_user_launch_the_browser(Search_Sd.java:27)] - Opencart site launches
2020-04-06 21:24:18.726 DEBUG [main] [com.opencart.StepDefinations.Addtocart_Sd] [the_user_opens_the_open_cart_search_page] [com.opencart.StepDefinations.Search_Sd.the_user_opens_the_open_cart_search_page(Search_Sd.java:35)] - Product searched 
2020-04-06 21:31:41.692 INFO [main] [com.opencart.StepDefinations.Addtocart_Sd] [a_user_launch_the_browser] [com.opencart.StepDefinations.Login_Sd.a_user_launch_the_browser(Login_Sd.java:27)] - Opencart site launches
2020-04-06 21:31:44.215 DEBUG [main] [com.opencart.StepDefinations.Addtocart_Sd] [the_user_opens_opencart_login_page] [com.opencart.StepDefinations.Login_Sd.the_user_opens_opencart_login_page(Login_Sd.java:34)] - Login page opened 
2020-04-06 21:36:44.722 INFO [main] [com.opencart.StepDefinations.Addtocart_Sd] [a_user_launch_the_browser] [com.opencart.StepDefinations.Login_Sd.a_user_launch_the_browser(Login_Sd.java:27)] - Opencart site launches
2020-04-06 21:36:47.903 DEBUG [main] [com.opencart.StepDefinations.Addtocart_Sd] [the_user_opens_opencart_login_page] [com.opencart.StepDefinations.Login_Sd.the_user_opens_opencart_login_page(Login_Sd.java:34)] - Login page opened 
2020-04-06 21:37:04.713 INFO [main] [com.opencart.StepDefinations.Addtocart_Sd] [the_user_launches_the_browser_in_chrome] [com.opencart.StepDefinations.Addtocart_Sd.the_user_launches_the_browser_in_chrome(Addtocart_Sd.java:29)] - Opencart site launches
2020-04-06 21:37:04.981 DEBUG [main] [com.opencart.StepDefinations.Addtocart_Sd] [the_user_opens_the_cart_and_search_page_called] [com.opencart.StepDefinations.Addtocart_Sd.the_user_opens_the_cart_and_search_page_called(Addtocart_Sd.java:37)] - Product searched 
2020-04-06 21:40:00.260 INFO [main] [com.opencart.StepDefinations.Addtocart_Sd] [a_user_launch_the_browser] [com.opencart.StepDefinations.Login_Sd.a_user_launch_the_browser(Login_Sd.java:27)] - Opencart site launches
2020-04-06 21:40:02.655 DEBUG [main] [com.opencart.StepDefinations.Addtocart_Sd] [the_user_opens_opencart_login_page] [com.opencart.StepDefinations.Login_Sd.the_user_opens_opencart_login_page(Login_Sd.java:34)] - Login page opened 
2020-04-06 21:52:45.375 INFO [main] [com.opencart.StepDefinations.Addtocart_Sd] [a_user_launch_the_browser] [com.opencart.StepDefinations.Login_Sd.a_user_launch_the_browser(Login_Sd.java:27)] - Opencart site launches
2020-04-06 21:52:47.357 DEBUG [main] [com.opencart.StepDefinations.Addtocart_Sd] [the_user_opens_opencart_login_page] [com.opencart.StepDefinations.Login_Sd.the_user_opens_opencart_login_page(Login_Sd.java:34)] - Login page opened 
2020-04-06 21:52:51.004 ERROR [main] [com.opencart.StepDefinations.Addtocart_Sd] [the_user_login_using_and] [com.opencart.StepDefinations.Login_Sd.the_user_login_using_and(Login_Sd.java:46)] - Details are given
2020-04-06 21:52:58.526 INFO [main] [com.opencart.StepDefinations.Addtocart_Sd] [the_user_launch_the_browser] [com.opencart.StepDefinations.Search_Sd.the_user_launch_the_browser(Search_Sd.java:27)] - Opencart site launches
2020-04-06 21:53:01.748 DEBUG [main] [com.opencart.StepDefinations.Addtocart_Sd] [the_user_opens_the_open_cart_search_page] [com.opencart.StepDefinations.Search_Sd.the_user_opens_the_open_cart_search_page(Search_Sd.java:35)] - Product searched 
2020-04-06 21:53:07.659 ERROR [main] [com.opencart.StepDefinations.Addtocart_Sd] [the_user_search_the_product] [com.opencart.StepDefinations.Search_Sd.the_user_search_the_product(Search_Sd.java:43)] - Searching for selected product
2020-04-06 21:53:15.067 INFO [main] [com.opencart.StepDefinations.Addtocart_Sd] [the_user_launches_the_browser_in_chrome] [com.opencart.StepDefinations.Addtocart_Sd.the_user_launches_the_browser_in_chrome(Addtocart_Sd.java:29)] - Opencart site launches
2020-04-06 21:53:15.334 DEBUG [main] [com.opencart.StepDefinations.Addtocart_Sd] [the_user_opens_the_cart_and_search_page_called] [com.opencart.StepDefinations.Addtocart_Sd.the_user_opens_the_cart_and_search_page_called(Addtocart_Sd.java:37)] - Product searched 
2020-04-06 21:53:20.340 ERROR [main] [com.opencart.StepDefinations.Addtocart_Sd] [the_user_searches_the_product_and_choose] [com.opencart.StepDefinations.Addtocart_Sd.the_user_searches_the_product_and_choose(Addtocart_Sd.java:44)] - Product adding to cart
2020-04-06 21:53:24.118 INFO [main] [com.opencart.StepDefinations.Addtocart_Sd] [the_user_closees_the_browser_and_quit] [com.opencart.StepDefinations.Addtocart_Sd.the_user_closees_the_browser_and_quit(Addtocart_Sd.java:65)] - Browser closed
2020-04-06 21:53:31.206 INFO [main] [com.opencart.StepDefinations.Addtocart_Sd] [the_user_launched_the_browser_in_chrome] [com.opencart.StepDefinations.Compare_sd.the_user_launched_the_browser_in_chrome(Compare_sd.java:28)] - Opencart site launches
2020-04-06 21:53:37.571 DEBUG [main] [com.opencart.StepDefinations.Addtocart_Sd] [the_user_compared_the_two_products] [com.opencart.StepDefinations.Compare_sd.the_user_compared_the_two_products(Compare_sd.java:36)] - Product compared
2020-04-06 21:53:43.799 ERROR [main] [com.opencart.StepDefinations.Addtocart_Sd] [the_user_will_see_product_comparison] [com.opencart.StepDefinations.Compare_sd.the_user_will_see_product_comparison(Compare_sd.java:42)] - Product comprison completed
2020-04-06 21:53:56.247 INFO [main] [com.opencart.StepDefinations.Addtocart_Sd] [the_user_launching_the_chrome_browser] [com.opencart.StepDefinations.Brands_Sd.the_user_launching_the_chrome_browser(Brands_Sd.java:26)] - Opencart site launches
2020-04-06 21:54:01.048 DEBUG [main] [com.opencart.StepDefinations.Addtocart_Sd] [the_user_clicks_on_brands] [com.opencart.StepDefinations.Brands_Sd.the_user_clicks_on_brands(Brands_Sd.java:33)] - selected brands 
2020-04-06 21:54:08.846 ERROR [main] [com.opencart.StepDefinations.Addtocart_Sd] [the_user_selects_the_brand] [com.opencart.StepDefinations.Brands_Sd.the_user_selects_the_brand(Brands_Sd.java:41)] - product selected
2020-04-06 21:54:21.304 INFO [main] [com.opencart.StepDefinations.Addtocart_Sd] [the_user_to_open_browser_chrome] [com.opencart.StepDefinations.Specials_Sd.the_user_to_open_browser_chrome(Specials_Sd.java:20)] - Opencart site launches
2020-04-06 21:54:27.364 DEBUG [main] [com.opencart.StepDefinations.Addtocart_Sd] [the_user_clicks_on_the_specials] [com.opencart.StepDefinations.Specials_Sd.the_user_clicks_on_the_specials(Specials_Sd.java:27)] - Product searched 
2020-04-06 21:54:30.467 ERROR [main] [com.opencart.StepDefinations.Addtocart_Sd] [the_user_will_see_the_specials_and_add_to_the_cart] [com.opencart.StepDefinations.Specials_Sd.the_user_will_see_the_specials_and_add_to_the_cart(Specials_Sd.java:34)] - Product added to cart
